Collecting asgiref==3.8.1 (from -r requirements.txt (line 1))
  Using cached asgiref-3.8.1-py3-none-any.whl.metadata (9.3 kB)
Collecting boto3==1.39.13 (from -r requirements.txt (line 2))
  Using cached boto3-1.39.13-py3-none-any.whl.metadata (6.7 kB)
Collecting botocore==1.39.13 (from -r requirements.txt (line 3))
  Using cached botocore-1.39.13-py3-none-any.whl.metadata (5.7 kB)
Collecting Brotli==1.1.0 (from -r requirements.txt (line 4))
  Using cached Brotli-1.1.0.tar.gz (7.4 MB)
  Installing build dependencies: started
  Installing build dependencies: finished with status 'done'
  Getting requirements to build wheel: started
  Getting requirements to build wheel: finished with status 'done'
  Preparing metadata (pyproject.toml): started
  Preparing metadata (pyproject.toml): finished with status 'done'
Collecting cachetools==5.5.2 (from -r requirements.txt (line 5))
  Using cached cachetools-5.5.2-py3-none-any.whl.metadata (5.4 kB)
Collecting certifi==2025.6.15 (from -r requirements.txt (line 6))
  Using cached certifi-2025.6.15-py3-none-any.whl.metadata (2.4 kB)
Collecting cffi==1.17.1 (from -r requirements.txt (line 7))
  Using cached cffi-1.17.1.tar.gz (516 kB)
  Installing build dependencies: started
  Installing build dependencies: finished with status 'done'
  Getting requirements to build wheel: started
  Getting requirements to build wheel: finished with status 'error'
